<?xml version="1.0" encoding="utf-8" standalone="no"?>
<!--This file represents the results of running a test suite-->
<test-results name="ExtractTransformLoad\UnitTests\bin\debug\UnitTests.dll" total="2" errors="0" failures="0" not-run="0" inconclusive="0" ignored="0" skipped="0" invalid="0" date="2010-10-05" time="21:09:37">
  <environment nunit-version="2.5.7.10213" clr-version="4.0.30319.1" os-version="Microsoft Windows NT 6.1.7600.0" platform="Win32NT" cwd="C:\Users\Steve\Documents\My Projects\PluralSight\006 - Dont Repeat Yourself\Part 2\Demo - Final" machine-name="STEVE-E6500" user="Steve" user-domain="Steve-E6500" />
  <culture-info current-culture="en-US" current-uiculture="en-US" />
  <test-suite type="Assembly" name="ExtractTransformLoad\UnitTests\bin\debug\UnitTests.dll" executed="True" result="Success" success="True" time="2.298" asserts="0">
    <results>
      <test-suite type="Namespace" name="UnitTests" executed="True" result="Success" success="True" time="2.264" asserts="0">
        <results>
          <test-suite type="TestFixture" name="ExtractShould" executed="True" result="Success" success="True" time="2.264" asserts="0">
            <results>
              <test-case name="UnitTests.ExtractShould.GetDataFromInvoicesAndEmployeesFakes" executed="True" result="Success" success="True" time="0.324" asserts="2" />
              <test-case name="UnitTests.ExtractShould.GetDataFromInvoicesAndEmployeesMocks" executed="True" result="Success" success="True" time="1.766" asserts="0" />
            </results>
          </test-suite>
        </results>
      </test-suite>
    </results>
  </test-suite>
</test-results>